<?xml version="1.0" encoding="UTF-8"?>
<testng-results skipped="0" failed="0" ignored="0" total="1" passed="1">
  <reporter-output>
  </reporter-output>
  <suite username="Default suite" duration-ms="1535" started-at="2017-11-26T10:00:09Z" finished-at="2017-11-26T10:00:11Z">
    <groups>
    </groups>
    <test username="Default test" duration-ms="1535" started-at="2017-11-26T10:00:09Z" finished-at="2017-11-26T10:00:11Z">
      <class username="com.qa.tests.CustomerWebLoginTest">
        <test-method status="PASS" signature="setUp()[pri:0, instance:com.qa.tests.CustomerWebLoginTest@cb5822]" username="setUp" is-config="true" duration-ms="6" started-at="2017-11-26T15:30:09Z" finished-at="2017-11-26T15:30:09Z">
          <reporter-output>
          </reporter-output>
        </test-method> <!-- setUp -->
        <test-method status="PASS" signature="postAPITest()[pri:0, instance:com.qa.tests.CustomerWebLoginTest@cb5822]" username="postAPITest" duration-ms="1507" started-at="2017-11-26T15:30:09Z" finished-at="2017-11-26T15:30:11Z">
          <reporter-output>
          </reporter-output>
        </test-method> <!-- postAPITest -->
      </class> <!-- com.qa.tests.CustomerWebLoginTest -->
    </test> <!-- Default test -->
  </suite> <!-- Default suite -->
</testng-results>
